<?xml version="1.0" encoding="UTF-8"?>
<!-- Generated by org.testng.reporters.JUnitXMLReporter -->
<testsuite hostname="LAPTOP-HGJ6MDEE" ignored="0" tests="7" failures="0" timestamp="2023-02-22T12:09:26 IST" time="37.252" errors="0">
  <testcase name="dropDown" time="0.849" classname="Amazon_Testng"/>
  <testcase name="searchBox" time="7.967" classname="Amazon_Testng"/>
  <testcase name="selectProduct" time="0.218" classname="Amazon_Testng"/>
  <testcase name="windowSwitch" time="0.026" classname="Amazon_Testng"/>
  <testcase name="producCompare" time="10.057" classname="Amazon_Testng"/>
  <testcase name="gotoCart" time="0.053" classname="Amazon_Testng"/>
  <testcase name="shoppingCompare" time="10.062" classname="Amazon_Testng"/>
</testsuite>
